
ROM used:   82/1024 (8%)
            82/1024 (8%) including unused fragments

            0.2 Average locations per line
            5.5 Average locations per statement

RAM used:   6/64 (9%) at main() level
            7/64 (11%) worst case

Stack used: 0 worst case (0 in main + 0 for interrupts)
Stack size: 8

Lines Stmts  %   Files
----- ----- ---  -----
   25    15 100  main.c
   11     0   0  main.h
  478     0   0  ..\..\..\..\Program Files (x86)\PICC\Devices\12F629.h
----- -----
  514    15 Total

Page ROM  %  RAM    Vol Diff  Functions:
---- --- --- ---    --- ----  ----------
0     20  24    1             @delay_ms1
0     52  63    1    270  3.2  main
 Inline         0             @cinit1

Program metrics:
    Functions               1
    Statements              15
    Comments                87
    Volume (V)              275
    Difficulty (D)          3.0
    Effort to implement (E) 819
    Time to implement (T)   1 minutes
    Est Delivered Bugs (B)  0
    Cyclomatic Complexity   2
    Maintainability (MI)    145

 Segment     Used  Free
-----------  ----  ----
00000-00003     4  0  
00004-003FF    78  942  



